<p><!--
QBlastInfoBegin
	Status=READY
QBlastInfoEnd
--><p>
<PRE>
BLASTP 2.12.0+
Reference: Stephen F. Altschul, Thomas L. Madden, Alejandro
A. Schaffer, Jinghui Zhang, Zheng Zhang, Webb Miller, and
David J. Lipman (1997), "Gapped BLAST and PSI-BLAST: a new
generation of protein database search programs", Nucleic
Acids Res. 25:3389-3402.


Reference for compositional score matrix adjustment: Stephen
F. Altschul, John C. Wootton, E. Michael Gertz, Richa
Agarwala, Aleksandr Morgulis, Alejandro A. Schaffer, and
Yi-Kuo Yu (2005) "Protein database searches using
compositionally adjusted substitution matrices", FEBS J.
272:5101-5109.


RID: MBJ0NBYK01R


Database: PDB protein database
           131,673 sequences; 35,089,827 total letters

Query= 
Length=10


<b>No significant similarity found.</b> For reasons why, <A HREF = "Blast.cgi?CMD=Web&PAGE_TYPE=BlastDocs&DOC_TYPE=FAQ"><b>click here</A>.</b><br><br>
  Database: PDB protein database
    Posted date:  Sep 11, 2021  5:10 AM
  Number of letters in database: 35,089,827
  Number of sequences in database:  131,673

Lambda      K        H
   0.311    0.117    0.260 
Gapped
Lambda      K        H
   0.267   0.0410    0.140 
Matrix: BLOSUM62
Gap Penalties: Existence: 11, Extension: 1
Number of Sequences: 131673
Number of Hits to DB: 78093
Number of extensions: 103
Number of successful extensions: 6
Number of sequences better than 100: 2
Number of HSP's better than 100 without gapping: 0
Number of HSP's gapped: 6
Number of HSP's successfully gapped: 2
Length of query: 10
Length of database: 35089827
Length adjustment: 0
Effective length of query: 10
Effective length of database: 35089827
Effective search space: 350898270
Effective search space used: 350898270
T: 11
A: 40
X1: 16 (7.2 bits)
X2: 38 (14.6 bits)
X3: 64 (24.7 bits)
S1: 29 (15.8 bits)
S2: 45 (21.9 bits)
ka-blk-alpha gapped: 1.9
ka-blk-alpha ungapped: 0.7916
ka-blk-alpha_v gapped: 42.6028
ka-blk-alpha_v ungapped: 4.96466
ka-blk-sigma gapped: 43.6362



